# JRE version: OpenJDK Runtime Environment (8.0_152-b08) (build 1.8.0_152-release-915-b08)
# Java VM: OpenJDK 64-Bit Server VM (25.152-b08 mixed mode bsd-amd64 compressed oops)
Heap:
 PSYoungGen      total 295936K, used 100378K [0x00000007a0000000, 0x00000007b8e80000, 0x00000007c0000000)
  eden space 247296K, 30% used [0x00000007a0000000,0x00000007a4a4e508,0x00000007af180000)
  from space 48640K, 49% used [0x00000007af180000,0x00000007b0938328,0x00000007b2100000)
  to   space 46592K, 0% used [0x00000007b6100000,0x00000007b6100000,0x00000007b8e80000)
 ParOldGen       total 169472K, used 91951K [0x0000000760000000, 0x000000076a580000, 0x00000007a0000000)
  object space 169472K, 54% used [0x0000000760000000,0x00000007659cbc48,0x000000076a580000)
 Metaspace       used 81671K, capacity 86294K, committed 86548K, reserved 1124352K
  class space    used 10454K, capacity 11535K, committed 11580K, reserved 1048576K
GC Heap History (10 events):
Event: 1156.159 GC heap before
{Heap before GC invocations=20 (full 3):
 PSYoungGen      total 223744K, used 223718K [0x00000007a0000000, 0x00000007af600000, 0x00000007c0000000)
  eden space 201728K, 100% used [0x00000007a0000000,0x00000007ac500000,0x00000007ac500000)
  from space 22016K, 99% used [0x00000007ae080000,0x00000007af5f9aa0,0x00000007af600000)
  to   space 25088K, 0% used [0x00000007ac500000,0x00000007ac500000,0x00000007add80000)
 ParOldGen       total 169472K, used 46036K [0x0000000760000000, 0x000000076a580000, 0x00000007a0000000)
  object space 169472K, 27% used [0x0000000760000000,0x0000000762cf5298,0x000000076a580000)
 Metaspace       used 78860K, capacity 82896K, committed 83220K, reserved 1122304K
  class space    used 10087K, capacity 11062K, committed 11068K, reserved 1048576K
Event: 1156.208 GC heap after
Heap after GC invocations=20 (full 3):
 PSYoungGen      total 226816K, used 25073K [0x00000007a0000000, 0x00000007b2600000, 0x00000007c0000000)
  eden space 201728K, 0% used [0x00000007a0000000,0x00000007a0000000,0x00000007ac500000)
  from space 25088K, 99% used [0x00000007ac500000,0x00000007add7c5f8,0x00000007add80000)
  to   space 39936K, 0% used [0x00000007aff00000,0x00000007aff00000,0x00000007b2600000)
 ParOldGen       total 169472K, used 77796K [0x0000000760000000, 0x000000076a580000, 0x00000007a0000000)
  object space 169472K, 45% used [0x0000000760000000,0x0000000764bf93b0,0x000000076a580000)
 Metaspace       used 78860K, capacity 82896K, committed 83220K, reserved 1122304K
  class space    used 10087K, capacity 11062K, committed 11068K, reserved 1048576K
}
Event: 1157.418 GC heap before
{Heap before GC invocations=21 (full 3):
 PSYoungGen      total 226816K, used 222955K [0x00000007a0000000, 0x00000007b2600000, 0x00000007c0000000)
  eden space 201728K, 98% used [0x00000007a0000000,0x00000007ac13e838,0x00000007ac500000)
  from space 25088K, 99% used [0x00000007ac500000,0x00000007add7c5f8,0x00000007add80000)
  to   space 39936K, 0% used [0x00000007aff00000,0x00000007aff00000,0x00000007b2600000)
 ParOldGen       total 169472K, used 77796K [0x0000000760000000, 0x000000076a580000, 0x00000007a0000000)
  object space 169472K, 45% used [0x0000000760000000,0x0000000764bf93b0,0x000000076a580000)
 Metaspace       used 79487K, capacity 83564K, committed 83860K, reserved 1122304K
  class space    used 10144K, capacity 11134K, committed 11196K, reserved 1048576K
Event: 1157.474 GC heap after
Heap after GC invocations=21 (full 3):
 PSYoungGen      total 256000K, used 36384K [0x00000007a0000000, 0x00000007b3880000, 0x00000007c0000000)
  eden space 216064K, 0% used [0x00000007a0000000,0x00000007a0000000,0x00000007ad300000)
  from space 39936K, 91% used [0x00000007aff00000,0x00000007b2288368,0x00000007b2600000)
  to   space 45056K, 0% used [0x00000007ad300000,0x00000007ad300000,0x00000007aff00000)
 ParOldGen       total 169472K, used 89646K [0x0000000760000000, 0x000000076a580000, 0x00000007a0000000)
  object space 169472K, 52% used [0x0000000760000000,0x000000076578bbc8,0x000000076a580000)
 Metaspace       used 79487K, capacity 83564K, committed 83860K, reserved 1122304K
  class space    used 10144K, capacity 11134K, committed 11196K, reserved 1048576K
}
Event: 1158.652 GC heap before
{Heap before GC invocations=22 (full 3):
 PSYoungGen      total 256000K, used 251508K [0x00000007a0000000, 0x00000007b3880000, 0x00000007c0000000)
  eden space 216064K, 99% used [0x00000007a0000000,0x00000007ad214e70,0x00000007ad300000)
  from space 39936K, 91% used [0x00000007aff00000,0x00000007b2288368,0x00000007b2600000)
  to   space 45056K, 0% used [0x00000007ad300000,0x00000007ad300000,0x00000007aff00000)
 ParOldGen       total 169472K, used 89646K [0x0000000760000000, 0x000000076a580000, 0x00000007a0000000)
  object space 169472K, 52% used [0x0000000760000000,0x000000076578bbc8,0x000000076a580000)
 Metaspace       used 81026K, capacity 85464K, committed 85652K, reserved 1124352K
  class space    used 10381K, capacity 11410K, committed 11452K, reserved 1048576K
Event: 1158.683 GC heap after
Heap after GC invocations=22 (full 3):
 PSYoungGen      total 261120K, used 34555K [0x00000007a0000000, 0x00000007b5000000, 0x00000007c0000000)
  eden space 216064K, 0% used [0x00000007a0000000,0x00000007a0000000,0x00000007ad300000)
  from space 45056K, 76% used [0x00000007ad300000,0x00000007af4bed40,0x00000007aff00000)
  to   space 48128K, 0% used [0x00000007b2100000,0x00000007b2100000,0x00000007b5000000)
 ParOldGen       total 169472K, used 89646K [0x0000000760000000, 0x000000076a580000, 0x00000007a0000000)
  object space 169472K, 52% used [0x0000000760000000,0x000000076578bbc8,0x000000076a580000)
 Metaspace       used 81026K, capacity 85464K, committed 85652K, reserved 1124352K
  class space    used 10381K, capacity 11410K, committed 11452K, reserved 1048576K
}
Event: 1158.758 GC heap before
{Heap before GC invocations=23 (full 3):
 PSYoungGen      total 261120K, used 250348K [0x00000007a0000000, 0x00000007b5000000, 0x00000007c0000000)
  eden space 216064K, 99% used [0x00000007a0000000,0x00000007ad2bc4c8,0x00000007ad300000)
  from space 45056K, 76% used [0x00000007ad300000,0x00000007af4bed40,0x00000007aff00000)
  to   space 48128K, 0% used [0x00000007b2100000,0x00000007b2100000,0x00000007b5000000)
 ParOldGen       total 169472K, used 89646K [0x0000000760000000, 0x000000076a580000, 0x00000007a0000000)
  object space 169472K, 52% used [0x0000000760000000,0x000000076578bbc8,0x000000076a580000)
 Metaspace       used 81032K, capacity 85464K, committed 85652K, reserved 1124352K
  class space    used 10381K, capacity 11410K, committed 11452K, reserved 1048576K
Event: 1158.798 GC heap after
Heap after GC invocations=23 (full 3):
 PSYoungGen      total 295424K, used 29293K [0x00000007a0000000, 0x00000007b7080000, 0x00000007c0000000)
  eden space 247296K, 0% used [0x00000007a0000000,0x00000007a0000000,0x00000007af180000)
  from space 48128K, 60% used [0x00000007b2100000,0x00000007b3d9b6d8,0x00000007b5000000)
  to   space 48640K, 0% used [0x00000007af180000,0x00000007af180000,0x00000007b2100000)
 ParOldGen       total 169472K, used 89654K [0x0000000760000000, 0x000000076a580000, 0x00000007a0000000)
  object space 169472K, 52% used [0x0000000760000000,0x000000076578dbc8,0x000000076a580000)
 Metaspace       used 81032K, capacity 85464K, committed 85652K, reserved 1124352K
  class space    used 10381K, capacity 11410K, committed 11452K, reserved 1048576K
}
Event: 9251.203 GC heap before
{Heap before GC invocations=24 (full 3):
 PSYoungGen      total 295424K, used 276589K [0x00000007a0000000, 0x00000007b7080000, 0x00000007c0000000)
  eden space 247296K, 100% used [0x00000007a0000000,0x00000007af180000,0x00000007af180000)
  from space 48128K, 60% used [0x00000007b2100000,0x00000007b3d9b6d8,0x00000007b5000000)
  to   space 48640K, 0% used [0x00000007af180000,0x00000007af180000,0x00000007b2100000)
 ParOldGen       total 169472K, used 89654K [0x0000000760000000, 0x000000076a580000, 0x00000007a0000000)
  object space 169472K, 52% used [0x0000000760000000,0x000000076578dbc8,0x000000076a580000)
 Metaspace       used 81254K, capacity 85664K, committed 85908K, reserved 1124352K
  class space    used 10397K, capacity 11422K, committed 11452K, reserved 1048576K
Event: 9251.307 GC heap after
Heap after GC invocations=24 (full 3):
 PSYoungGen      total 295936K, used 24288K [0x00000007a0000000, 0x00000007b8e80000, 0x00000007c0000000)
  eden space 247296K, 0% used [0x00000007a0000000,0x00000007a0000000,0x00000007af180000)
  from space 48640K, 49% used [0x00000007af180000,0x00000007b0938328,0x00000007b2100000)
  to   space 46592K, 0% used [0x00000007b6100000,0x00000007b6100000,0x00000007b8e80000)
 ParOldGen       total 169472K, used 91951K [0x0000000760000000, 0x000000076a580000, 0x00000007a0000000)
  object space 169472K, 54% used [0x0000000760000000,0x00000007659cbc48,0x000000076a580000)
 Metaspace       used 81254K, capacity 85664K, committed 85908K, reserved 1124352K
  class space    used 10397K, capacity 11422K, committed 11452K, reserved 1048576K
}

